[debug] [2023-04-28T15:42:05.894Z] ----------------------------------------------------------------------
[debug] [2023-04-28T15:42:05.896Z] Command:       /usr/local/bin/firebase /Users/Gavoshmavo/.cache/firebase/tools/lib/node_modules/firebase-tools/lib/bin/firebase init
[debug] [2023-04-28T15:42:05.896Z] CLI Version:   11.29.1
[debug] [2023-04-28T15:42:05.896Z] Platform:      darwin
[debug] [2023-04-28T15:42:05.897Z] Node Version:  v16.16.0
[debug] [2023-04-28T15:42:05.903Z] Time:          Fri Apr 28 2023 08:42:05 GMT-0700 (Pacific Daylight Time)
[debug] [2023-04-28T15:42:05.904Z] ----------------------------------------------------------------------
[debug] 
[debug] [2023-04-28T15:42:05.915Z] > command requires scopes: ["email","openid","https://www.googleapis.com/auth/cloudplatformprojects.readonly","https://www.googleapis.com/auth/firebase","https://www.googleapis.com/auth/cloud-platform"]
[debug] [2023-04-28T15:42:05.916Z] > authorizing via signed-in user (gavoshmavo1@gmail.com)
[info] 
     ######## #### ########  ######## ########     ###     ######  ########
     ##        ##  ##     ## ##       ##     ##  ##   ##  ##       ##
     ######    ##  ########  ######   ########  #########  ######  ######
     ##        ##  ##    ##  ##       ##     ## ##     ##       ## ##
     ##       #### ##     ## ######## ########  ##     ##  ######  ########

You're about to initialize a Firebase project in this directory:

  /Users/Gavoshmavo/Desktop/Honors Topics/webHosting

[info] 
=== Project Setup
[info] 
[info] First, let's associate this project directory with a Firebase project.
[info] You can create multiple project aliases by running firebase use --add, 
[info] but for now we'll just set up a default project.
[info] 
[info] i  If you want to create a project in a Google Cloud organization or folder, please use "firebase projects:create" instead, and return to this command when you've created the project. 
[debug] [2023-04-28T15:45:31.711Z] >>> [apiv2][query] POST https://cloudresourcemanager.googleapis.com/v1/projects [none]
[debug] [2023-04-28T15:45:31.712Z] >>> [apiv2][body] POST https://cloudresourcemanager.googleapis.com/v1/projects {"projectId":"papaspizza","name":"papaspizza"}
[debug] [2023-04-28T15:45:32.325Z] <<< [apiv2][status] POST https://cloudresourcemanager.googleapis.com/v1/projects 200
[debug] [2023-04-28T15:45:32.326Z] <<< [apiv2][body] POST https://cloudresourcemanager.googleapis.com/v1/projects {"name":"operations/cp.7492372508086011727"}
[debug] [2023-04-28T15:45:32.327Z] >>> [apiv2][query] GET https://cloudresourcemanager.googleapis.com/v1/operations/cp.7492372508086011727 [none]
[debug] [2023-04-28T15:45:32.867Z] <<< [apiv2][status] GET https://cloudresourcemanager.googleapis.com/v1/operations/cp.7492372508086011727 200
[debug] [2023-04-28T15:45:32.868Z] <<< [apiv2][body] GET https://cloudresourcemanager.googleapis.com/v1/operations/cp.7492372508086011727 {"name":"operations/cp.7492372508086011727","metadata":{"@type":"type.googleapis.com/google.cloudresourcemanager.v1.ProjectCreationStatus","ready":true},"done":true,"error":{"code":9,"message":"Callers must accept Terms of Service","details":[{"@type":"type.googleapis.com/google.rpc.PreconditionFailure","violations":[{"type":"TOS","subject":"cloud","description":"Callers must accept Terms of Service"}]}]}}
[debug] [2023-04-28T15:45:32.934Z] FirebaseError: Callers must accept Terms of Service
    at OperationPoller.poll (/Users/Gavoshmavo/.cache/firebase/tools/lib/node_modules/firebase-tools/lib/operation-poller.js:24:19)
    at processTicksAndRejections (node:internal/process/task_queues:96:5)
    at async createCloudProject (/Users/Gavoshmavo/.cache/firebase/tools/lib/node_modules/firebase-tools/lib/management/projects.js:186:29)
    at async createFirebaseProjectAndLog (/Users/Gavoshmavo/.cache/firebase/tools/lib/node_modules/firebase-tools/lib/management/projects.js:45:9)
    at async promptAndCreateNewProject (/Users/Gavoshmavo/.cache/firebase/tools/lib/node_modules/firebase-tools/lib/init/features/project.js:32:12)
    at async doSetup (/Users/Gavoshmavo/.cache/firebase/tools/lib/node_modules/firebase-tools/lib/init/features/project.js:88:27)
    at async init (/Users/Gavoshmavo/.cache/firebase/tools/lib/node_modules/firebase-tools/lib/init/index.js:37:9)
[error] 
[error] Error: Failed to create project. See firebase-debug.log for more info.
[debug] [2023-04-28T15:47:29.237Z] ----------------------------------------------------------------------
[debug] [2023-04-28T15:47:29.239Z] Command:       /usr/local/bin/firebase /Users/Gavoshmavo/.cache/firebase/tools/lib/node_modules/firebase-tools/lib/bin/firebase init
[debug] [2023-04-28T15:47:29.240Z] CLI Version:   11.29.1
[debug] [2023-04-28T15:47:29.240Z] Platform:      darwin
[debug] [2023-04-28T15:47:29.240Z] Node Version:  v16.16.0
[debug] [2023-04-28T15:47:29.243Z] Time:          Fri Apr 28 2023 08:47:29 GMT-0700 (Pacific Daylight Time)
[debug] [2023-04-28T15:47:29.243Z] ----------------------------------------------------------------------
[debug] 
[debug] [2023-04-28T15:47:29.253Z] > command requires scopes: ["email","openid","https://www.googleapis.com/auth/cloudplatformprojects.readonly","https://www.googleapis.com/auth/firebase","https://www.googleapis.com/auth/cloud-platform"]
[debug] [2023-04-28T15:47:29.254Z] > authorizing via signed-in user (gavoshmavo1@gmail.com)
[info] 
     ######## #### ########  ######## ########     ###     ######  ########
     ##        ##  ##     ## ##       ##     ##  ##   ##  ##       ##
     ######    ##  ########  ######   ########  #########  ######  ######
     ##        ##  ##    ##  ##       ##     ## ##     ##       ## ##
     ##       #### ##     ## ######## ########  ##     ##  ######  ########

You're about to initialize a Firebase project in this directory:

  /Users/Gavoshmavo/Desktop/Honors Topics/webHosting

[info] 
=== Project Setup
[info] 
[info] First, let's associate this project directory with a Firebase project.
[info] You can create multiple project aliases by running firebase use --add, 
[info] but for now we'll just set up a default project.
[info] 
[info] i  If you want to create a project in a Google Cloud organization or folder, please use "firebase projects:create" instead, and return to this command when you've created the project. 
[debug] [2023-04-28T15:47:42.545Z] >>> [apiv2][query] POST https://cloudresourcemanager.googleapis.com/v1/projects [none]
[debug] [2023-04-28T15:47:42.548Z] >>> [apiv2][body] POST https://cloudresourcemanager.googleapis.com/v1/projects {"projectId":"papaspizza","name":"papaspizza"}
[debug] [2023-04-28T15:47:43.273Z] <<< [apiv2][status] POST https://cloudresourcemanager.googleapis.com/v1/projects 200
[debug] [2023-04-28T15:47:43.274Z] <<< [apiv2][body] POST https://cloudresourcemanager.googleapis.com/v1/projects {"name":"operations/cp.5812656739165519279"}
[debug] [2023-04-28T15:47:43.276Z] >>> [apiv2][query] GET https://cloudresourcemanager.googleapis.com/v1/operations/cp.5812656739165519279 [none]
[debug] [2023-04-28T15:47:43.881Z] <<< [apiv2][status] GET https://cloudresourcemanager.googleapis.com/v1/operations/cp.5812656739165519279 200
[debug] [2023-04-28T15:47:43.882Z] <<< [apiv2][body] GET https://cloudresourcemanager.googleapis.com/v1/operations/cp.5812656739165519279 {"name":"operations/cp.5812656739165519279","metadata":{"@type":"type.googleapis.com/google.cloudresourcemanager.v1.ProjectCreationStatus","ready":true},"done":true,"error":{"code":9,"message":"Callers must accept Terms of Service","details":[{"@type":"type.googleapis.com/google.rpc.PreconditionFailure","violations":[{"type":"TOS","subject":"cloud","description":"Callers must accept Terms of Service"}]}]}}
[debug] [2023-04-28T15:47:43.968Z] FirebaseError: Callers must accept Terms of Service
    at OperationPoller.poll (/Users/Gavoshmavo/.cache/firebase/tools/lib/node_modules/firebase-tools/lib/operation-poller.js:24:19)
    at processTicksAndRejections (node:internal/process/task_queues:96:5)
    at async createCloudProject (/Users/Gavoshmavo/.cache/firebase/tools/lib/node_modules/firebase-tools/lib/management/projects.js:186:29)
    at async createFirebaseProjectAndLog (/Users/Gavoshmavo/.cache/firebase/tools/lib/node_modules/firebase-tools/lib/management/projects.js:45:9)
    at async promptAndCreateNewProject (/Users/Gavoshmavo/.cache/firebase/tools/lib/node_modules/firebase-tools/lib/init/features/project.js:32:12)
    at async doSetup (/Users/Gavoshmavo/.cache/firebase/tools/lib/node_modules/firebase-tools/lib/init/features/project.js:88:27)
    at async init (/Users/Gavoshmavo/.cache/firebase/tools/lib/node_modules/firebase-tools/lib/init/index.js:37:9)
[error] 
[error] Error: Failed to create project. See firebase-debug.log for more info.
[debug] [2023-04-28T15:54:06.116Z] ----------------------------------------------------------------------
[debug] [2023-04-28T15:54:06.118Z] Command:       /usr/local/bin/firebase /Users/Gavoshmavo/.cache/firebase/tools/lib/node_modules/firebase-tools/lib/bin/firebase init
[debug] [2023-04-28T15:54:06.119Z] CLI Version:   11.29.1
[debug] [2023-04-28T15:54:06.119Z] Platform:      darwin
[debug] [2023-04-28T15:54:06.119Z] Node Version:  v16.16.0
[debug] [2023-04-28T15:54:06.121Z] Time:          Fri Apr 28 2023 08:54:06 GMT-0700 (Pacific Daylight Time)
[debug] [2023-04-28T15:54:06.121Z] ----------------------------------------------------------------------
[debug] 
[debug] [2023-04-28T15:54:06.132Z] > command requires scopes: ["email","openid","https://www.googleapis.com/auth/cloudplatformprojects.readonly","https://www.googleapis.com/auth/firebase","https://www.googleapis.com/auth/cloud-platform"]
[debug] [2023-04-28T15:54:06.133Z] > authorizing via signed-in user (gavoshmavo1@gmail.com)
[info] 
     ######## #### ########  ######## ########     ###     ######  ########
     ##        ##  ##     ## ##       ##     ##  ##   ##  ##       ##
     ######    ##  ########  ######   ########  #########  ######  ######
     ##        ##  ##    ##  ##       ##     ## ##     ##       ## ##
     ##       #### ##     ## ######## ########  ##     ##  ######  ########

You're about to initialize a Firebase project in this directory:

  /Users/Gavoshmavo/Desktop/Honors Topics/webHosting

[info] 
=== Project Setup
[info] 
[info] First, let's associate this project directory with a Firebase project.
[info] You can create multiple project aliases by running firebase use --add, 
[info] but for now we'll just set up a default project.
[info] 
[debug] [2023-04-28T15:54:12.915Z] >>> [apiv2][query] GET https://firebase.googleapis.com/v1beta1/projects pageSize=100
[debug] [2023-04-28T15:54:13.558Z] <<< [apiv2][status] GET https://firebase.googleapis.com/v1beta1/projects 200
[debug] [2023-04-28T15:54:13.561Z] <<< [apiv2][body] GET https://firebase.googleapis.com/v1beta1/projects [omitted]
[info] i  Using project papaspizza-eea39 (papaspizza) 
[info] 
=== Hosting Setup
[info] 
[info] Your public directory is the folder (relative to your project directory) that
[info] will contain Hosting assets to be uploaded with firebase deploy. If you
[info] have a build process for your assets, use your build's output directory.
[info] 
[debug] [2023-04-28T15:55:40.610Z] >>> [apiv2][query] GET https://www.gstatic.com/firebasejs/releases.json [none]
[debug] [2023-04-28T15:55:40.771Z] <<< [apiv2][status] GET https://www.gstatic.com/firebasejs/releases.json 200
[debug] [2023-04-28T15:55:40.773Z] <<< [apiv2][body] GET https://www.gstatic.com/firebasejs/releases.json {"current":{"version":"9.21.0","browserURL":"https://www.gstatic.com/firebasejs/9.21.0/firebase.js","packageURL":"https://www.gstatic.com/firebasejs/9.21.0/firebase.tgz"},"live":{"version":"9.21","browserURL":"https://www.gstatic.com/firebasejs/live/9.21/firebase.js","packageURL":"https://www.gstatic.com/firebasejs/live/9.21/firebase.tgz"},"components":{"analytics":"https://www.gstatic.com/firebasejs/9.21.0/firebase-analytics.js","app":"https://www.gstatic.com/firebasejs/9.21.0/firebase-app.js","app-check":"https://www.gstatic.com/firebasejs/9.21.0/firebase-app-check.js","auth":"https://www.gstatic.com/firebasejs/9.21.0/firebase-auth.js","auth/cordova":"https://www.gstatic.com/firebasejs/9.21.0/firebase-auth/cordova.js","auth/react-native":"https://www.gstatic.com/firebasejs/9.21.0/firebase-auth/react-native.js","functions":"https://www.gstatic.com/firebasejs/9.21.0/firebase-functions.js","firestore":"https://www.gstatic.com/firebasejs/9.21.0/firebase-firestore.js","firestore/lite":"https://www.gstatic.com/firebasejs/9.21.0/firebase-firestore/lite.js","installations":"https://www.gstatic.com/firebasejs/9.21.0/firebase-installations.js","storage":"https://www.gstatic.com/firebasejs/9.21.0/firebase-storage.js","performance":"https://www.gstatic.com/firebasejs/9.21.0/firebase-performance.js","remote-config":"https://www.gstatic.com/firebasejs/9.21.0/firebase-remote-config.js","messaging":"https://www.gstatic.com/firebasejs/9.21.0/firebase-messaging.js","messaging/sw":"https://www.gstatic.com/firebasejs/9.21.0/firebase-messaging/sw.js","database":"https://www.gstatic.com/firebasejs/9.21.0/firebase-database.js","firestore.memory":"https://www.gstatic.com/firebasejs/9.21.0/firebase-firestore.memory.js"}}
[info] ✔  Wrote /Users/Gavoshmavo/desktop/honors\ topics/webHosting/index.html 
[info] 
[info] i  Didn't detect a .git folder. Assuming /Users/Gavoshmavo/Desktop/Honors Topics/webHosting is the project root. 
[info] i  Authorizing with GitHub to upload your service account to a GitHub repository's secrets store. 
[info] 
[info] Visit this URL on this device to log in:
[info] https://github.com/login/oauth/authorize?client_id=89cf50f02ac6aaed3484&state=977410170&redirect_uri=http%3A%2F%2Flocalhost%3A9005&scope=read%3Auser%20repo%20public_repo
[info] 
[info] Waiting for authentication...
[debug] [2023-04-28T15:55:49.449Z] >>> [apiv2][query] POST https://github.com/login/oauth/access_token [none]
[debug] [2023-04-28T15:55:49.450Z] >>> [apiv2][body] POST https://github.com/login/oauth/access_token [stream]
[debug] [2023-04-28T15:55:50.077Z] <<< [apiv2][status] POST https://github.com/login/oauth/access_token 200
[debug] [2023-04-28T15:55:50.078Z] <<< [apiv2][body] POST https://github.com/login/oauth/access_token {"access_token":"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","token_type":"bearer","scope":"read:user,repo"}
[debug] [2023-04-28T15:55:50.097Z] >>> [apiv2][query] GET https://api.github.com/user [none]
[debug] [2023-04-28T15:55:50.827Z] <<< [apiv2][status] GET https://api.github.com/user 200
[debug] [2023-04-28T15:55:50.828Z] <<< [apiv2][body] GET https://api.github.com/user {"login":"Gav-G","id":112014186,"node_id":"U_kgDOBq0zag","avatar_url":"https://avatars.githubusercontent.com/u/112014186?v=4","gravatar_id":"","url":"https://api.github.com/users/Gav-G","html_url":"https://github.com/Gav-G","followers_url":"https://api.github.com/users/Gav-G/followers","following_url":"https://api.github.com/users/Gav-G/following{/other_user}","gists_url":"https://api.github.com/users/Gav-G/gists{/gist_id}","starred_url":"https://api.github.com/users/Gav-G/starred{/owner}{/repo}","subscriptions_url":"https://api.github.com/users/Gav-G/subscriptions","organizations_url":"https://api.github.com/users/Gav-G/orgs","repos_url":"https://api.github.com/users/Gav-G/repos","events_url":"https://api.github.com/users/Gav-G/events{/privacy}","received_events_url":"https://api.github.com/users/Gav-G/received_events","type":"User","site_admin":false,"name":null,"company":null,"blog":"","location":null,"email":null,"hireable":null,"bio":null,"twitter_username":null,"public_repos":12,"public_gists":0,"followers":0,"following":0,"created_at":"2022-08-24T18:14:41Z","updated_at":"2023-04-28T15:55:44Z","private_gists":0,"total_private_repos":0,"owned_private_repos":0,"disk_usage":33,"collaborators":0,"two_factor_authentication":false,"plan":{"name":"pro","space":976562499,"collaborators":0,"private_repos":9999}}
[info] 
[info] ✔  Success! Logged into GitHub as Gav-G 
[info] 
